[debug] [2021-05-19T16:12:16.075Z] ----------------------------------------------------------------------
[debug] [2021-05-19T16:12:16.079Z] Command:       C:\Program Files\nodejs\node.exe C:\Users\mostafa almasa\AppData\Roaming\npm\node_modules\firebase-tools\lib\bin\firebase.js deploy --only hosting
[debug] [2021-05-19T16:12:16.079Z] CLI Version:   9.11.0
[debug] [2021-05-19T16:12:16.080Z] Platform:      win32
[debug] [2021-05-19T16:12:16.080Z] Node Version:  v15.9.0
[debug] [2021-05-19T16:12:16.081Z] Time:          Wed May 19 2021 18:12:16 GMT+0200 (توقيت شرق أوروبا الرسمي)
[debug] [2021-05-19T16:12:16.081Z] ----------------------------------------------------------------------
[debug] 
[debug] [2021-05-19T16:12:16.094Z] > command requires scopes: ["email","openid","https://www.googleapis.com/auth/cloudplatformprojects.readonly","https://www.googleapis.com/auth/firebase","https://www.googleapis.com/auth/cloud-platform"]
[debug] [2021-05-19T16:12:16.095Z] > authorizing via signed-in user (mustafadabah5555@gmail.com)
[debug] [2021-05-19T16:12:16.095Z] [iam] checking project disney-clone-c9d8b for permissions ["firebase.projects.get","firebasehosting.sites.update"]
[debug] [2021-05-19T16:12:16.098Z] > refreshing access token with scopes: ["email","https://www.googleapis.com/auth/cloud-platform","https://www.googleapis.com/auth/cloudplatformprojects.readonly","https://www.googleapis.com/auth/firebase","openid"]
[debug] [2021-05-19T16:12:16.099Z] >>> HTTP REQUEST POST https://www.googleapis.com/oauth2/v3/token  
 <request body omitted>
[debug] [2021-05-19T16:12:19.023Z] <<< HTTP RESPONSE 200 {"pragma":"no-cache","date":"Wed, 19 May 2021 16:12:58 GMT","cache-control":"no-cache, no-store, max-age=0, must-revalidate","expires":"Mon, 01 Jan 1990 00:00:00 GMT","content-type":"application/json; charset=utf-8","vary":"X-Origin, Referer, Origin,Accept-Encoding","server":"scaffolding on HTTPServer2","x-xss-protection":"0","x-frame-options":"SAMEORIGIN","x-content-type-options":"nosniff","alt-svc":"h3-29=\":443\"; ma=2592000,h3-T051=\":443\"; ma=2592000,h3-Q050=\":443\"; ma=2592000,h3-Q046=\":443\"; ma=2592000,h3-Q043=\":443\"; ma=2592000,quic=\":443\"; ma=2592000; v=\"46,43\"","accept-ranges":"none","transfer-encoding":"chunked"}
[debug] [2021-05-19T16:12:19.053Z] >>> HTTP REQUEST POST https://cloudresourcemanager.googleapis.com/v1/projects/disney-clone-c9d8b:testIamPermissions  
 {"permissions":["firebase.projects.get","firebasehosting.sites.update"]}
[debug] [2021-05-19T16:12:20.651Z] <<< HTTP RESPONSE 200 {"content-type":"application/json; charset=UTF-8","vary":"X-Origin, Referer, Origin,Accept-Encoding","date":"Wed, 19 May 2021 16:13:00 GMT","server":"ESF","cache-control":"private","x-xss-protection":"0","x-frame-options":"SAMEORIGIN","x-content-type-options":"nosniff","server-timing":"gfet4t7; dur=608","alt-svc":"h3-29=\":443\"; ma=2592000,h3-T051=\":443\"; ma=2592000,h3-Q050=\":443\"; ma=2592000,h3-Q046=\":443\"; ma=2592000,h3-Q043=\":443\"; ma=2592000,quic=\":443\"; ma=2592000; v=\"46,43\"","accept-ranges":"none","transfer-encoding":"chunked"}
[debug] [2021-05-19T16:12:20.657Z] > refreshing access token with scopes: []
[debug] [2021-05-19T16:12:20.658Z] >>> HTTP REQUEST POST https://www.googleapis.com/oauth2/v3/token  
 <request body omitted>
[debug] [2021-05-19T16:12:21.633Z] <<< HTTP RESPONSE 200 {"pragma":"no-cache","cache-control":"no-cache, no-store, max-age=0, must-revalidate","date":"Wed, 19 May 2021 16:13:01 GMT","expires":"Mon, 01 Jan 1990 00:00:00 GMT","content-type":"application/json; charset=utf-8","vary":"X-Origin, Referer, Origin,Accept-Encoding","server":"scaffolding on HTTPServer2","x-xss-protection":"0","x-frame-options":"SAMEORIGIN","x-content-type-options":"nosniff","alt-svc":"h3-29=\":443\"; ma=2592000,h3-T051=\":443\"; ma=2592000,h3-Q050=\":443\"; ma=2592000,h3-Q046=\":443\"; ma=2592000,h3-Q043=\":443\"; ma=2592000,quic=\":443\"; ma=2592000; v=\"46,43\"","accept-ranges":"none","transfer-encoding":"chunked"}
[debug] [2021-05-19T16:12:21.660Z] >>> [apiv2][query] GET https://firebase.googleapis.com/v1beta1/projects/disney-clone-c9d8b [none]
[debug] [2021-05-19T16:12:22.482Z] <<< [apiv2][status] GET https://firebase.googleapis.com/v1beta1/projects/disney-clone-c9d8b 200
[debug] [2021-05-19T16:12:22.483Z] <<< [apiv2][body] GET https://firebase.googleapis.com/v1beta1/projects/disney-clone-c9d8b {"projectId":"disney-clone-c9d8b","projectNumber":"256212581186","displayName":"Disney-clone ","name":"projects/disney-clone-c9d8b","resources":{"hostingSite":"disney-clone-c9d8b","storageBucket":"disney-clone-c9d8b.appspot.com","locationId":"us-central"},"state":"ACTIVE"}
[info] 
[info] === Deploying to 'disney-clone-c9d8b'...
[info] 
[info] i  deploying hosting 
[debug] [2021-05-19T16:12:22.505Z] > refreshing access token with scopes: ["email","https://www.googleapis.com/auth/cloud-platform","https://www.googleapis.com/auth/cloudplatformprojects.readonly","https://www.googleapis.com/auth/firebase","openid"]
[debug] [2021-05-19T16:12:22.506Z] >>> HTTP REQUEST POST https://www.googleapis.com/oauth2/v3/token  
 <request body omitted>
[debug] [2021-05-19T16:12:22.853Z] <<< HTTP RESPONSE 200 {"expires":"Mon, 01 Jan 1990 00:00:00 GMT","cache-control":"no-cache, no-store, max-age=0, must-revalidate","pragma":"no-cache","date":"Wed, 19 May 2021 16:13:02 GMT","content-type":"application/json; charset=utf-8","vary":"X-Origin, Referer, Origin,Accept-Encoding","server":"scaffolding on HTTPServer2","x-xss-protection":"0","x-frame-options":"SAMEORIGIN","x-content-type-options":"nosniff","alt-svc":"h3-29=\":443\"; ma=2592000,h3-T051=\":443\"; ma=2592000,h3-Q050=\":443\"; ma=2592000,h3-Q046=\":443\"; ma=2592000,h3-Q043=\":443\"; ma=2592000,quic=\":443\"; ma=2592000; v=\"46,43\"","accept-ranges":"none","transfer-encoding":"chunked"}
[debug] [2021-05-19T16:12:22.876Z] >>> HTTP REQUEST POST https://firebasehosting.googleapis.com/v1beta1/sites/disney-clone-c9d8b/versions  
 {"config":{"rewrites":[{"glob":"**","path":"/index.html"}]},"labels":{"deployment-tool":"cli-firebase"}}
[debug] [2021-05-19T16:12:24.351Z] <<< HTTP RESPONSE 200 {"content-type":"application/json; charset=UTF-8","vary":"X-Origin, Referer, Origin,Accept-Encoding","date":"Wed, 19 May 2021 16:13:04 GMT","server":"ESF","cache-control":"private","x-xss-protection":"0","x-frame-options":"SAMEORIGIN","x-content-type-options":"nosniff","alt-svc":"h3-29=\":443\"; ma=2592000,h3-T051=\":443\"; ma=2592000,h3-Q050=\":443\"; ma=2592000,h3-Q046=\":443\"; ma=2592000,h3-Q043=\":443\"; ma=2592000,quic=\":443\"; ma=2592000; v=\"46,43\"","accept-ranges":"none","transfer-encoding":"chunked"}
[info] i  hosting[disney-clone-c9d8b]: beginning deploy... 
[info] i  hosting[disney-clone-c9d8b]: found 36 files in public 
[debug] [2021-05-19T16:12:24.440Z] > refreshing access token with scopes: []
[debug] [2021-05-19T16:12:24.442Z] >>> HTTP REQUEST POST https://www.googleapis.com/oauth2/v3/token  
 <request body omitted>
[debug] [2021-05-19T16:12:24.459Z] [hosting] hash cache [cHVibGlj] stored for 36 files
[debug] [2021-05-19T16:12:24.461Z] [hosting][hash queue][FINAL] {"max":13,"min":1,"avg":1,"active":0,"complete":36,"success":36,"errored":0,"retried":0,"total":36,"elapsed":37}
[debug] [2021-05-19T16:12:24.803Z] <<< HTTP RESPONSE 200 {"pragma":"no-cache","expires":"Mon, 01 Jan 1990 00:00:00 GMT","date":"Wed, 19 May 2021 16:13:04 GMT","cache-control":"no-cache, no-store, max-age=0, must-revalidate","content-type":"application/json; charset=utf-8","vary":"X-Origin, Referer, Origin,Accept-Encoding","server":"scaffolding on HTTPServer2","x-xss-protection":"0","x-frame-options":"SAMEORIGIN","x-content-type-options":"nosniff","alt-svc":"h3-29=\":443\"; ma=2592000,h3-T051=\":443\"; ma=2592000,h3-Q050=\":443\"; ma=2592000,h3-Q046=\":443\"; ma=2592000,h3-Q043=\":443\"; ma=2592000,quic=\":443\"; ma=2592000; v=\"46,43\"","accept-ranges":"none","transfer-encoding":"chunked"}
[debug] [2021-05-19T16:12:24.829Z] >>> [apiv2][query] POST https://firebasehosting.googleapis.com/v1beta1/sites/disney-clone-c9d8b/versions/2c1bec9b3d13dfa8:populateFiles [none]
[debug] [2021-05-19T16:12:24.830Z] >>> [apiv2][body] POST https://firebasehosting.googleapis.com/v1beta1/sites/disney-clone-c9d8b/versions/2c1bec9b3d13dfa8:populateFiles {"files":{"/favicon.ico":"eae62e993eb980ec8a25058c39d5a51feab118bd2100c4deebb2a9c158ec11f9","/index.html":"820c850791eeaef190f4564272c4cbe718a2f8ead4973eeacc12aa8473f3b4c5","/logo192.png":"3ee59515172ee198f3be375979df15ac5345183e656720a381b8872b2a39dc8b","/logo512.png":"ee7e2f3fdb8209c4b6fd7bef6ba50d1b9dba30a25bb5c3126df057e1cb6f5331","/manifest.json":"aff3449bdc238776f5d6d967f19ec491b36aed5fb7f23ccff6500736fd58494a","/robots.txt":"bfe106a3fb878dc83461c86818bf74fc1bdc7f28538ba613cd3e775516ce8b49","/images/cta-logo-one.svg":"66ce22e859b8bde4fa8aaf450f855529f02864f8bbbb9212ed40f8217a8ca747","/images/cta-logo-two.png":"b9b285d313e3f7f912d2798bff9aaa746e77869160f3342d72ed338b84c5a20a","/images/favicon.svg":"5a920e79285527d616f1b76a8fc13283143f7ea1b12187a05e75318027a0c419","/images/group-icon.png":"1798cb8ad7edb1138131e47b6817f65c4a55627cbaeaa979afad659d15abfd19","/images/home-background.png":"da30f5f71771e53a6c4a9b7b230cd5e53170f51f18454482442e6b8f9b941bca","/images/home-icon.svg":"f5b4007dff7c18edadc6cc773b20f2bcec6242604045d944199758aefc086285","/images/login-background.jpg":"bbfc903274847c5dc1100ec0ed045c3d953866bd6680b0651f9925413c2fe83c","/images/login-logos.png":"0e2bd8849edee22ba652f740da67fc394171e21ed151d88d4833ce39ff535b4c","/images/logo.svg":"e25daeaa18d66d4fb7fa4d5d8ddcdad6998f7857f053f3215988eecfd5c8e84d","/images/movie-icon.svg":"d1ab665dd306e65aa4e62f85d2a13cd9f8da4d91b746059b62b6e0b88465789f","/images/original-icon.svg":"f7343ba4e23979b11ede53671b5c9a97d519b60836bac82e872a497faf603c09","/images/play-icon-black.png":"c3387af7b93ec8277ec5b9a55f56bd7abc2c20094b6e566077715c8d8a38392a","/images/play-icon-white.png":"0229cddaba90d2c69898d6198ebfca134a73cb48da68c221117c979e870f22ee","/images/search-icon.svg":"922033f1f347cb14781c1f1802e1975475f4f677112e5b81023a4d46e103e57d","/images/series-icon.svg":"649c2bdfca076bcb9bf6eede2b5a7a865a2058e8ce224678f8df731cbcbe5429","/images/slider-badag.jpg":"96a8ca6da0fecf5f8a0720dd762f44a67ec7d7cd6b5f104cb3055d88e4d7128d","/images/slider-badging.jpg":"bf442e7f764a86daa6fb6d14140d9afe7cda865d75bbb1c2fad8c2988a4c82dc","/images/slider-scale.jpg":"db3022ddc406882b1ff329bb6d3578f70b3393115d9fbf6695361e001e290fcd","/images/slider-scales.jpg":"9371d8e5eb2a6107c91977877930553dce149a29e7b80462296f419a047015a9","/images/viewers-disney.png":"aa5eff06f089b2e52225238c5560eb935d31c6f244c6ff7ceb7de46215e72d26","/images/viewers-marvel.png":"94bddd6c074238483a891a5c0e69fcadd2aa6781b0332f022859fe67ba90ff31","/images/viewers-national.png":"fcbbb9883766d4d49beaf561d20d5743fbe1351bb18a35db54e042b5c16ddcf5","/images/viewers-pixar.png":"cffb46dc9cdd4051ede17067e0571381053fce7c0bd3851ba3c5acc2f04b7bc3","/images/viewers-starwars.png":"aeb6d50178afdf24e6e6728f75040865ab6442290e0afa7c0c2c4617bb41fc16","/images/watchlist-icon.svg":"92c817ceaea1aa0ec269065f22bc34c0ddc395d99b706a59db7cbf92cfb2a9f7","/videos/1564674844-disney.mp4":"b75349f41e10181823c43a00643e114d9f54d1b6a610fba093ea2fc4a6f0cbda","/videos/1564676115-marvel.mp4":"07e87ef642059ba8e7f3dd827b3fad2c2fd69d10ce3c1bf68c57d964180c1c86","/videos/1564676296-national-geographic.mp4":"aa332a3912f9f579500863a8e7d63914d233b5def54eff2085374fb4060cc844","/videos/1564676714-pixar.mp4":"bfd93694d25b61726ad8ac0a81c79fc69ad0f25284363d370668d7246f291e20","/videos/1608229455-star-wars.mp4":"b85f3e4140753c833e8d470f60c2d2fb0c83528d903f6ccd1e040df0514117e4"}}
[debug] [2021-05-19T16:12:26.134Z] <<< [apiv2][status] POST https://firebasehosting.googleapis.com/v1beta1/sites/disney-clone-c9d8b/versions/2c1bec9b3d13dfa8:populateFiles 200
[debug] [2021-05-19T16:12:26.135Z] <<< [apiv2][body] POST https://firebasehosting.googleapis.com/v1beta1/sites/disney-clone-c9d8b/versions/2c1bec9b3d13dfa8:populateFiles {"uploadRequiredHashes":["b75349f41e10181823c43a00643e114d9f54d1b6a610fba093ea2fc4a6f0cbda","aa332a3912f9f579500863a8e7d63914d233b5def54eff2085374fb4060cc844","b85f3e4140753c833e8d470f60c2d2fb0c83528d903f6ccd1e040df0514117e4"],"uploadUrl":"https://upload-firebasehosting.googleapis.com/upload/sites/disney-clone-c9d8b/versions/2c1bec9b3d13dfa8/files"}
[debug] [2021-05-19T16:12:26.142Z] >>> [apiv2][query] POST https://upload-firebasehosting.googleapis.com/upload/sites/disney-clone-c9d8b/versions/2c1bec9b3d13dfa8/files/b75349f41e10181823c43a00643e114d9f54d1b6a610fba093ea2fc4a6f0cbda [none]
[debug] [2021-05-19T16:12:26.142Z] >>> [apiv2][body] POST https://upload-firebasehosting.googleapis.com/upload/sites/disney-clone-c9d8b/versions/2c1bec9b3d13dfa8/files/b75349f41e10181823c43a00643e114d9f54d1b6a610fba093ea2fc4a6f0cbda [stream]
[debug] [2021-05-19T16:12:26.146Z] >>> [apiv2][query] POST https://upload-firebasehosting.googleapis.com/upload/sites/disney-clone-c9d8b/versions/2c1bec9b3d13dfa8/files/aa332a3912f9f579500863a8e7d63914d233b5def54eff2085374fb4060cc844 [none]
[debug] [2021-05-19T16:12:26.146Z] >>> [apiv2][body] POST https://upload-firebasehosting.googleapis.com/upload/sites/disney-clone-c9d8b/versions/2c1bec9b3d13dfa8/files/aa332a3912f9f579500863a8e7d63914d233b5def54eff2085374fb4060cc844 [stream]
[debug] [2021-05-19T16:12:26.149Z] >>> [apiv2][query] POST https://upload-firebasehosting.googleapis.com/upload/sites/disney-clone-c9d8b/versions/2c1bec9b3d13dfa8/files/b85f3e4140753c833e8d470f60c2d2fb0c83528d903f6ccd1e040df0514117e4 [none]
[debug] [2021-05-19T16:12:26.150Z] >>> [apiv2][body] POST https://upload-firebasehosting.googleapis.com/upload/sites/disney-clone-c9d8b/versions/2c1bec9b3d13dfa8/files/b85f3e4140753c833e8d470f60c2d2fb0c83528d903f6ccd1e040df0514117e4 [stream]
[debug] [2021-05-19T16:12:26.153Z] [hosting][populate queue][FINAL] {"max":1703,"min":1703,"avg":1703,"active":0,"complete":1,"success":1,"errored":0,"retried":0,"total":1,"elapsed":1714}
[debug] [2021-05-19T16:12:26.154Z] [hosting] uploads queued: 3
[debug] [2021-05-19T16:12:56.550Z] [uploadQueue] Retrying task b75349f41e10181823c43a00643e114d9f54d1b6a610fba093ea2fc4a6f0cbda
[debug] [2021-05-19T16:12:56.553Z] >>> [apiv2][query] POST https://upload-firebasehosting.googleapis.com/upload/sites/disney-clone-c9d8b/versions/2c1bec9b3d13dfa8/files/b75349f41e10181823c43a00643e114d9f54d1b6a610fba093ea2fc4a6f0cbda [none]
[debug] [2021-05-19T16:12:56.554Z] >>> [apiv2][body] POST https://upload-firebasehosting.googleapis.com/upload/sites/disney-clone-c9d8b/versions/2c1bec9b3d13dfa8/files/b75349f41e10181823c43a00643e114d9f54d1b6a610fba093ea2fc4a6f0cbda [stream]
[debug] [2021-05-19T16:12:56.559Z] [uploadQueue] Retrying task aa332a3912f9f579500863a8e7d63914d233b5def54eff2085374fb4060cc844
[debug] [2021-05-19T16:12:56.561Z] >>> [apiv2][query] POST https://upload-firebasehosting.googleapis.com/upload/sites/disney-clone-c9d8b/versions/2c1bec9b3d13dfa8/files/aa332a3912f9f579500863a8e7d63914d233b5def54eff2085374fb4060cc844 [none]
[debug] [2021-05-19T16:12:56.561Z] >>> [apiv2][body] POST https://upload-firebasehosting.googleapis.com/upload/sites/disney-clone-c9d8b/versions/2c1bec9b3d13dfa8/files/aa332a3912f9f579500863a8e7d63914d233b5def54eff2085374fb4060cc844 [stream]
[debug] [2021-05-19T16:12:56.565Z] [uploadQueue] Retrying task b85f3e4140753c833e8d470f60c2d2fb0c83528d903f6ccd1e040df0514117e4
[debug] [2021-05-19T16:12:56.566Z] >>> [apiv2][query] POST https://upload-firebasehosting.googleapis.com/upload/sites/disney-clone-c9d8b/versions/2c1bec9b3d13dfa8/files/b85f3e4140753c833e8d470f60c2d2fb0c83528d903f6ccd1e040df0514117e4 [none]
[debug] [2021-05-19T16:12:56.567Z] >>> [apiv2][body] POST https://upload-firebasehosting.googleapis.com/upload/sites/disney-clone-c9d8b/versions/2c1bec9b3d13dfa8/files/b85f3e4140753c833e8d470f60c2d2fb0c83528d903f6ccd1e040df0514117e4 [stream]
[debug] [2021-05-19T16:13:27.360Z] [uploadQueue] Retrying task b75349f41e10181823c43a00643e114d9f54d1b6a610fba093ea2fc4a6f0cbda
[debug] [2021-05-19T16:13:27.363Z] >>> [apiv2][query] POST https://upload-firebasehosting.googleapis.com/upload/sites/disney-clone-c9d8b/versions/2c1bec9b3d13dfa8/files/b75349f41e10181823c43a00643e114d9f54d1b6a610fba093ea2fc4a6f0cbda [none]
[debug] [2021-05-19T16:13:27.363Z] >>> [apiv2][body] POST https://upload-firebasehosting.googleapis.com/upload/sites/disney-clone-c9d8b/versions/2c1bec9b3d13dfa8/files/b75349f41e10181823c43a00643e114d9f54d1b6a610fba093ea2fc4a6f0cbda [stream]
[debug] [2021-05-19T16:13:27.372Z] [uploadQueue] Retrying task aa332a3912f9f579500863a8e7d63914d233b5def54eff2085374fb4060cc844
[debug] [2021-05-19T16:13:27.374Z] >>> [apiv2][query] POST https://upload-firebasehosting.googleapis.com/upload/sites/disney-clone-c9d8b/versions/2c1bec9b3d13dfa8/files/aa332a3912f9f579500863a8e7d63914d233b5def54eff2085374fb4060cc844 [none]
[debug] [2021-05-19T16:13:27.374Z] >>> [apiv2][body] POST https://upload-firebasehosting.googleapis.com/upload/sites/disney-clone-c9d8b/versions/2c1bec9b3d13dfa8/files/aa332a3912f9f579500863a8e7d63914d233b5def54eff2085374fb4060cc844 [stream]
[debug] [2021-05-19T16:13:27.378Z] [uploadQueue] Retrying task b85f3e4140753c833e8d470f60c2d2fb0c83528d903f6ccd1e040df0514117e4
[debug] [2021-05-19T16:13:27.393Z] >>> [apiv2][query] POST https://upload-firebasehosting.googleapis.com/upload/sites/disney-clone-c9d8b/versions/2c1bec9b3d13dfa8/files/b85f3e4140753c833e8d470f60c2d2fb0c83528d903f6ccd1e040df0514117e4 [none]
[debug] [2021-05-19T16:13:27.393Z] >>> [apiv2][body] POST https://upload-firebasehosting.googleapis.com/upload/sites/disney-clone-c9d8b/versions/2c1bec9b3d13dfa8/files/b85f3e4140753c833e8d470f60c2d2fb0c83528d903f6ccd1e040df0514117e4 [stream]
